# JRE version: OpenJDK Runtime Environment (8.0_242-b01) (build 1.8.0_242-release-1644-b01)
# Java VM: OpenJDK 64-Bit Server VM (25.242-b01 mixed mode windows-amd64 compressed oops)
Heap:
 PSYoungGen      total 229376K, used 187793K [0x00000000d5580000, 0x00000000e6180000, 0x0000000100000000)
  eden space 188928K, 92% used [0x00000000d5580000,0x00000000e00d2558,0x00000000e0e00000)
  from space 40448K, 30% used [0x00000000e0e00000,0x00000000e1a120e8,0x00000000e3580000)
  to   space 41472K, 0% used [0x00000000e3580000,0x00000000e3580000,0x00000000e5e00000)
 ParOldGen       total 244736K, used 72910K [0x0000000080000000, 0x000000008ef00000, 0x00000000d5580000)
  object space 244736K, 29% used [0x0000000080000000,0x00000000847338b8,0x000000008ef00000)
 Metaspace       used 106814K, capacity 111734K, committed 111896K, reserved 1146880K
  class space    used 13866K, capacity 14815K, committed 14872K, reserved 1048576K
GC Heap History (10 events):
Event: 217.629 GC heap before
{Heap before GC invocations=28 (full 4):
 PSYoungGen      total 168960K, used 125440K [0x00000000d5580000, 0x00000000e3b00000, 0x0000000100000000)
  eden space 125440K, 100% used [0x00000000d5580000,0x00000000dd000000,0x00000000dd000000)
  from space 43520K, 0% used [0x00000000dd000000,0x00000000dd000000,0x00000000dfa80000)
  to   space 47104K, 0% used [0x00000000e0d00000,0x00000000e0d00000,0x00000000e3b00000)
 ParOldGen       total 244736K, used 68100K [0x0000000080000000, 0x000000008ef00000, 0x00000000d5580000)
  object space 244736K, 27% used [0x0000000080000000,0x0000000084281388,0x000000008ef00000)
 Metaspace       used 97188K, capacity 101406K, committed 101784K, reserved 1136640K
  class space    used 12703K, capacity 13559K, committed 13720K, reserved 1048576K
Event: 217.661 GC heap after
Heap after GC invocations=28 (full 4):
 PSYoungGen      total 188928K, used 11048K [0x00000000d5580000, 0x00000000e3c80000, 0x0000000100000000)
  eden space 141824K, 0% used [0x00000000d5580000,0x00000000d5580000,0x00000000de000000)
  from space 47104K, 23% used [0x00000000e0d00000,0x00000000e17ca000,0x00000000e3b00000)
  to   space 46080K, 0% used [0x00000000de000000,0x00000000de000000,0x00000000e0d00000)
 ParOldGen       total 244736K, used 68108K [0x0000000080000000, 0x000000008ef00000, 0x00000000d5580000)
  object space 244736K, 27% used [0x0000000080000000,0x0000000084283388,0x000000008ef00000)
 Metaspace       used 97188K, capacity 101406K, committed 101784K, reserved 1136640K
  class space    used 12703K, capacity 13559K, committed 13720K, reserved 1048576K
}
Event: 219.515 GC heap before
{Heap before GC invocations=29 (full 4):
 PSYoungGen      total 188928K, used 152872K [0x00000000d5580000, 0x00000000e3c80000, 0x0000000100000000)
  eden space 141824K, 100% used [0x00000000d5580000,0x00000000de000000,0x00000000de000000)
  from space 47104K, 23% used [0x00000000e0d00000,0x00000000e17ca000,0x00000000e3b00000)
  to   space 46080K, 0% used [0x00000000de000000,0x00000000de000000,0x00000000e0d00000)
 ParOldGen       total 244736K, used 68108K [0x0000000080000000, 0x000000008ef00000, 0x00000000d5580000)
  object space 244736K, 27% used [0x0000000080000000,0x0000000084283388,0x000000008ef00000)
 Metaspace       used 99523K, capacity 103906K, committed 104088K, reserved 1138688K
  class space    used 13011K, capacity 13885K, committed 13976K, reserved 1048576K
Event: 219.535 GC heap after
Heap after GC invocations=29 (full 4):
 PSYoungGen      total 187904K, used 11397K [0x00000000d5580000, 0x00000000e4880000, 0x0000000100000000)
  eden space 141824K, 0% used [0x00000000d5580000,0x00000000d5580000,0x00000000de000000)
  from space 46080K, 24% used [0x00000000de000000,0x00000000deb21568,0x00000000e0d00000)
  to   space 44544K, 0% used [0x00000000e1d00000,0x00000000e1d00000,0x00000000e4880000)
 ParOldGen       total 244736K, used 68108K [0x0000000080000000, 0x000000008ef00000, 0x00000000d5580000)
  object space 244736K, 27% used [0x0000000080000000,0x0000000084283388,0x000000008ef00000)
 Metaspace       used 99523K, capacity 103906K, committed 104088K, reserved 1138688K
  class space    used 13011K, capacity 13885K, committed 13976K, reserved 1048576K
}
Event: 221.572 GC heap before
{Heap before GC invocations=30 (full 4):
 PSYoungGen      total 187904K, used 153221K [0x00000000d5580000, 0x00000000e4880000, 0x0000000100000000)
  eden space 141824K, 100% used [0x00000000d5580000,0x00000000de000000,0x00000000de000000)
  from space 46080K, 24% used [0x00000000de000000,0x00000000deb21568,0x00000000e0d00000)
  to   space 44544K, 0% used [0x00000000e1d00000,0x00000000e1d00000,0x00000000e4880000)
 ParOldGen       total 244736K, used 72878K [0x0000000080000000, 0x000000008ef00000, 0x00000000d5580000)
  object space 244736K, 29% used [0x0000000080000000,0x000000008472b8b8,0x000000008ef00000)
 Metaspace       used 100633K, capacity 105090K, committed 105240K, reserved 1140736K
  class space    used 13098K, capacity 13999K, committed 14104K, reserved 1048576K
Event: 221.636 GC heap after
Heap after GC invocations=30 (full 4):
 PSYoungGen      total 205824K, used 10377K [0x00000000d5580000, 0x00000000e4b80000, 0x0000000100000000)
  eden space 161280K, 0% used [0x00000000d5580000,0x00000000d5580000,0x00000000df300000)
  from space 44544K, 23% used [0x00000000e1d00000,0x00000000e2722420,0x00000000e4880000)
  to   space 43008K, 0% used [0x00000000df300000,0x00000000df300000,0x00000000e1d00000)
 ParOldGen       total 244736K, used 72886K [0x0000000080000000, 0x000000008ef00000, 0x00000000d5580000)
  object space 244736K, 29% used [0x0000000080000000,0x000000008472d8b8,0x000000008ef00000)
 Metaspace       used 100633K, capacity 105090K, committed 105240K, reserved 1140736K
  class space    used 13098K, capacity 13999K, committed 14104K, reserved 1048576K
}
Event: 223.467 GC heap before
{Heap before GC invocations=31 (full 4):
 PSYoungGen      total 205824K, used 171657K [0x00000000d5580000, 0x00000000e4b80000, 0x0000000100000000)
  eden space 161280K, 100% used [0x00000000d5580000,0x00000000df300000,0x00000000df300000)
  from space 44544K, 23% used [0x00000000e1d00000,0x00000000e2722420,0x00000000e4880000)
  to   space 43008K, 0% used [0x00000000df300000,0x00000000df300000,0x00000000e1d00000)
 ParOldGen       total 244736K, used 72886K [0x0000000080000000, 0x000000008ef00000, 0x00000000d5580000)
  object space 244736K, 29% used [0x0000000080000000,0x000000008472d8b8,0x000000008ef00000)
 Metaspace       used 101876K, capacity 106614K, committed 106904K, reserved 1142784K
  class space    used 13261K, capacity 14177K, committed 14232K, reserved 1048576K
Event: 223.488 GC heap after
Heap after GC invocations=31 (full 4):
 PSYoungGen      total 204288K, used 10726K [0x00000000d5580000, 0x00000000e5e00000, 0x0000000100000000)
  eden space 161280K, 0% used [0x00000000d5580000,0x00000000d5580000,0x00000000df300000)
  from space 43008K, 24% used [0x00000000df300000,0x00000000dfd799a8,0x00000000e1d00000)
  to   space 41472K, 0% used [0x00000000e3580000,0x00000000e3580000,0x00000000e5e00000)
 ParOldGen       total 244736K, used 72894K [0x0000000080000000, 0x000000008ef00000, 0x00000000d5580000)
  object space 244736K, 29% used [0x0000000080000000,0x000000008472f8b8,0x000000008ef00000)
 Metaspace       used 101876K, capacity 106614K, committed 106904K, reserved 1142784K
  class space    used 13261K, capacity 14177K, committed 14232K, reserved 1048576K
}
Event: 224.237 GC heap before
{Heap before GC invocations=32 (full 4):
 PSYoungGen      total 204288K, used 172006K [0x00000000d5580000, 0x00000000e5e00000, 0x0000000100000000)
  eden space 161280K, 100% used [0x00000000d5580000,0x00000000df300000,0x00000000df300000)
  from space 43008K, 24% used [0x00000000df300000,0x00000000dfd799a8,0x00000000e1d00000)
  to   space 41472K, 0% used [0x00000000e3580000,0x00000000e3580000,0x00000000e5e00000)
 ParOldGen       total 244736K, used 72894K [0x0000000080000000, 0x000000008ef00000, 0x00000000d5580000)
  object space 244736K, 29% used [0x0000000080000000,0x000000008472f8b8,0x000000008ef00000)
 Metaspace       used 103745K, capacity 108532K, committed 108696K, reserved 1142784K
  class space    used 13518K, capacity 14480K, committed 14488K, reserved 1048576K
Event: 224.271 GC heap after
Heap after GC invocations=32 (full 4):
 PSYoungGen      total 230400K, used 9464K [0x00000000d5580000, 0x00000000e6180000, 0x0000000100000000)
  eden space 188928K, 0% used [0x00000000d5580000,0x00000000d5580000,0x00000000e0e00000)
  from space 41472K, 22% used [0x00000000e3580000,0x00000000e3ebe160,0x00000000e5e00000)
  to   space 40448K, 0% used [0x00000000e0e00000,0x00000000e0e00000,0x00000000e3580000)
 ParOldGen       total 244736K, used 72902K [0x0000000080000000, 0x000000008ef00000, 0x00000000d5580000)
  object space 244736K, 29% used [0x0000000080000000,0x00000000847318b8,0x000000008ef00000)
 Metaspace       used 103745K, capacity 108532K, committed 108696K, reserved 1142784K
  class space    used 13518K, capacity 14480K, committed 14488K, reserved 1048576K
}

